<?xml version="1.0" encoding="UTF-8"?>
<testng-results ignored="0" total="1" passed="1" failed="0" skipped="0">
  <reporter-output>
  </reporter-output>
  <suite started-at="2022-10-24T18:55:04 SAST" name="Default suite" finished-at="2022-10-24T18:55:33 SAST" duration-ms="28870">
    <groups>
    </groups>
    <test started-at="2022-10-24T18:55:04 SAST" name="Default test" finished-at="2022-10-24T18:55:33 SAST" duration-ms="28870">
      <class name="testcases.TC1">
        <test-method is-config="true" signature="setup()[pri:0, instance:testcases.TC1@34e9fd99]" started-at="2022-10-24T18:55:04 SAST" name="setup" finished-at="2022-10-24T18:55:33 SAST" duration-ms="28702" status="PASS">
          <reporter-output>
          </reporter-output>
        </test-method> <!-- setup -->
        <test-method signature="TestCase1()[pri:0, instance:testcases.TC1@34e9fd99]" started-at="2022-10-24T18:55:33 SAST" name="TestCase1" finished-at="2022-10-24T18:55:33 SAST" duration-ms="6" status="PASS">
          <reporter-output>
          </reporter-output>
        </test-method> <!-- TestCase1 -->
        <test-method is-config="true" signature="teardown()[pri:0, instance:testcases.TC1@34e9fd99]" started-at="2022-10-24T18:55:33 SAST" name="teardown" finished-at="2022-10-24T18:55:33 SAST" duration-ms="121" status="PASS">
          <reporter-output>
          </reporter-output>
        </test-method> <!-- teardown -->
      </class> <!-- testcases.TC1 -->
    </test> <!-- Default test -->
  </suite> <!-- Default suite -->
</testng-results>
